2023-09-18 13:22:07.723 - DBeaver 23.2.0.202309041200 is starting
2023-09-18 13:22:07.725 - OS: Windows 11 10.0 (amd64)
2023-09-18 13:22:07.725 - Java version: 17.0.6 by Eclipse Adoptium (64bit)
2023-09-18 13:22:07.725 - Install path: 'C:\springFramework_dds\resource\dbeaver'
2023-09-18 13:22:07.726 - Instance path: 'file:/C:/springFramework_dds/workspace/script/'
2023-09-18 13:22:07.726 - Memory available 64Mb/1024Mb
2023-09-18 13:22:07.753 - Create display
2023-09-18 13:22:08.000 - Initializing DBeaver 23.2.0
2023-09-18 13:22:08.002 - Host plugin: org.jkiss.dbeaver.ui.app.standalone 23.2.0.202309041200
2023-09-18 13:22:08.003 - Initialize desktop platform...
2023-09-18 13:22:08.459 - BounceCastle bundle found. Use JCE provider BC
> Start Core File Systems [org.eclipse.core.filesystem 1.10.0.v20230425-0513]
> Start Core Resource Management [org.eclipse.core.resources 3.19.0.v20230510-1240]
> Start 팀 지원 핵심 [org.eclipse.team.core 3.10.0.v20230317-0901]
> Start DBeaver UI Navigator [org.jkiss.dbeaver.ui.navigator 1.0.113.202309041200]
2023-09-18 13:22:09.538 - Initialize base platform...
2023-09-18 13:22:09.623 - Platform initialized (1620ms)
> Start DBeaver UI Editors - Base [org.jkiss.dbeaver.ui.editors.base 1.0.113.202309041200]
REQUEST: {"payload":1695010930067}
2023-09-18 13:22:10.208 - Error accessing instance server: java.net.ConnectException
2023-09-18 13:22:10.244 - Starting instance server at http://localhost:49935
2023-09-18 13:22:10.339 - Run workbench
> Start DBeaver UI [org.jkiss.dbeaver.ui 5.1.128.202309041200]
> Start Eclipse e4 작업영역 SWT [org.eclipse.e4.ui.workbench.swt 0.17.0.v20230501-1823]
> Start Eclipse Application Services [org.eclipse.e4.core.services 2.4.0.v20230429-1914]
> Start Eclipse UI Application Services [org.eclipse.e4.ui.services 1.6.0.v20230501-1823]
> Start Eclipse e4 Progress View [org.eclipse.e4.ui.progress 0.4.0.v20230501-1823]
> Start Eclipse Bindings Support [org.eclipse.e4.ui.bindings 0.14.0.v20230501-1823]
> Start Eclipse e4 core commands [org.eclipse.e4.core.commands 1.1.0.v20230501-1823]
> Start EMF XML/XMI Persistence [org.eclipse.emf.ecore.xmi 2.18.0.v20230211-1150]
> Start Eclipse CSS SWT Theme Support [org.eclipse.e4.ui.css.swt.theme 0.14.0.v20230501-1533]
> Start Eclipse e4 작업영역 기능 추가 [org.eclipse.e4.ui.workbench.addons.swt 1.5.0.v20230501-1823]
> Start Eclipse e4 작업영역 SWT 렌더러 [org.eclipse.e4.ui.workbench.renderers.swt 0.16.0.v20230525-0648]
> Start Eclipse Dependency Injection Extensions [org.eclipse.e4.core.di.extensions 0.18.0.v20230429-1914]
> Start Eclipse CSS SWT Support [org.eclipse.e4.ui.css.swt 0.15.0.v20230317-0802]
> Start jna [com.sun.jna 5.13.0]
Warning: NLS unused message: BlockedJobsDialog_UserInterfaceTreeElement in: org.eclipse.ui.internal.progress.messages
2023-09-18 13:22:28.462 - Configure workbench window
> Start DBeaver SQL Model [org.jkiss.dbeaver.model.sql 1.0.103.202309041200]
2023-09-18 13:22:28.678 - Total database drivers: 106 (106)
> Start 도움말 시스템 코어 [org.eclipse.help 3.10.0.v20230317-0802]
2023-09-18 13:22:28.885 - Create actions
2023-09-18 13:22:28.892 - Disable Eclipse action set 'org.eclipse.ui.edit.text.actionSet.annotationNavigation'
2023-09-18 13:22:28.893 - Disable Eclipse action set 'org.eclipse.ui.WorkingSetActionSet'
2023-09-18 13:22:28.893 - Disable Eclipse action set 'org.eclipse.ui.actionSet.openFiles'
2023-09-18 13:22:29.465 - Initialize workbench window
2023-09-18 13:22:29.472 - Finish initialization
> Start 기본 문서 편집기 [org.eclipse.ui.editors 3.16.0.v20230329-1609]
> Start 텍스트 편집기 프레임워크 [org.eclipse.ui.workbench.texteditor 3.17.0.v20230316-1200]
> Start GEF Classic Draw2d [org.eclipse.draw2d 3.13.0.202306071707]
> Start GEF Classic GEF (MVC) [org.eclipse.gef 3.14.0.202306071707]
> Start DBeaver ERD UI [org.jkiss.dbeaver.erd.ui 3.0.73.202309041200]
> Start DBeaver ERD Model [org.jkiss.dbeaver.erd.model 1.0.73.202309041200]
Warning: NLS unused message: actions_navigator__objects in: org.jkiss.dbeaver.ui.editors.sql.internal.SQLEditorMessages
> Start DBeaver UI Editors - SQL [org.jkiss.dbeaver.ui.editors.sql 1.0.113.202309041200]
> Start DBeaver UI Editors - Data [org.jkiss.dbeaver.ui.editors.data 1.0.113.202309041200]
> Start 인터넷 연결 관리 사용자 인터페이스 [org.eclipse.ui.net 1.5.0.v20230317-0901]
> Start Internet Connection Management [org.eclipse.core.net 1.5.0.v20230317-0901]
> Start DBeaver Sample Database [org.jkiss.dbeaver.ext.sample.database 1.0.150.202309041200]
> Start DBeaver Tip of the day [org.jkiss.dbeaver.ext.ui.tipoftheday 1.0.119.202309041200]
2023-09-18 13:22:33.903 - Open [https://dbeaver.io/product/version.xml]
2023-09-18 15:31:47.564 - System suspend detected! Reinitialize all remote connections.
