2023-09-19 09:31:33.857 - DBeaver 23.2.0.202309041200 is starting
2023-09-19 09:31:33.858 - OS: Windows 11 10.0 (amd64)
2023-09-19 09:31:33.859 - Java version: 17.0.6 by Eclipse Adoptium (64bit)
2023-09-19 09:31:33.859 - Install path: 'C:\springFramework_dds\resource\dbeaver'
2023-09-19 09:31:33.859 - Instance path: 'file:/C:/springFramework_dds/workspace/script/'
2023-09-19 09:31:33.859 - Memory available 64Mb/1024Mb
2023-09-19 09:31:33.881 - Create display
2023-09-19 09:31:34.095 - Initializing DBeaver 23.2.0
2023-09-19 09:31:34.097 - Host plugin: org.jkiss.dbeaver.ui.app.standalone 23.2.0.202309041200
2023-09-19 09:31:34.098 - Initialize desktop platform...
2023-09-19 09:31:34.491 - BounceCastle bundle found. Use JCE provider BC
> Start Core File Systems [org.eclipse.core.filesystem 1.10.0.v20230425-0513]
> Start Core Resource Management [org.eclipse.core.resources 3.19.0.v20230510-1240]
> Start 팀 지원 핵심 [org.eclipse.team.core 3.10.0.v20230317-0901]
> Start DBeaver UI Navigator [org.jkiss.dbeaver.ui.navigator 1.0.113.202309041200]
2023-09-19 09:31:35.450 - Initialize base platform...
2023-09-19 09:31:35.504 - Platform initialized (1406ms)
> Start DBeaver UI Editors - Base [org.jkiss.dbeaver.ui.editors.base 1.0.113.202309041200]
REQUEST: {"payload":1695083495805}
2023-09-19 09:31:35.925 - Error accessing instance server: java.net.ConnectException
2023-09-19 09:31:35.951 - Starting instance server at http://localhost:49850
2023-09-19 09:31:36.019 - Run workbench
> Start DBeaver UI [org.jkiss.dbeaver.ui 5.1.128.202309041200]
> Start Eclipse e4 작업영역 SWT [org.eclipse.e4.ui.workbench.swt 0.17.0.v20230501-1823]
> Start Eclipse Application Services [org.eclipse.e4.core.services 2.4.0.v20230429-1914]
> Start Eclipse UI Application Services [org.eclipse.e4.ui.services 1.6.0.v20230501-1823]
> Start Eclipse e4 Progress View [org.eclipse.e4.ui.progress 0.4.0.v20230501-1823]
> Start Eclipse Bindings Support [org.eclipse.e4.ui.bindings 0.14.0.v20230501-1823]
> Start Eclipse e4 core commands [org.eclipse.e4.core.commands 1.1.0.v20230501-1823]
> Start EMF XML/XMI Persistence [org.eclipse.emf.ecore.xmi 2.18.0.v20230211-1150]
> Start Eclipse CSS SWT Theme Support [org.eclipse.e4.ui.css.swt.theme 0.14.0.v20230501-1533]
> Start Eclipse e4 작업영역 기능 추가 [org.eclipse.e4.ui.workbench.addons.swt 1.5.0.v20230501-1823]
> Start Eclipse e4 작업영역 SWT 렌더러 [org.eclipse.e4.ui.workbench.renderers.swt 0.16.0.v20230525-0648]
> Start Eclipse Dependency Injection Extensions [org.eclipse.e4.core.di.extensions 0.18.0.v20230429-1914]
> Start Eclipse CSS SWT Support [org.eclipse.e4.ui.css.swt 0.15.0.v20230317-0802]
> Start jna [com.sun.jna 5.13.0]
Warning: NLS unused message: BlockedJobsDialog_UserInterfaceTreeElement in: org.eclipse.ui.internal.progress.messages
2023-09-19 09:31:54.328 - Configure workbench window
> Start DBeaver SQL Model [org.jkiss.dbeaver.model.sql 1.0.103.202309041200]
2023-09-19 09:31:54.610 - Total database drivers: 106 (106)
> Start 도움말 시스템 코어 [org.eclipse.help 3.10.0.v20230317-0802]
2023-09-19 09:31:55.005 - Create actions
2023-09-19 09:31:55.013 - Disable Eclipse action set 'org.eclipse.ui.edit.text.actionSet.annotationNavigation'
2023-09-19 09:31:55.014 - Disable Eclipse action set 'org.eclipse.ui.WorkingSetActionSet'
2023-09-19 09:31:55.014 - Disable Eclipse action set 'org.eclipse.ui.actionSet.openFiles'
2023-09-19 09:31:55.830 - Initialize workbench window
2023-09-19 09:31:55.840 - Finish initialization
> Start 기본 문서 편집기 [org.eclipse.ui.editors 3.16.0.v20230329-1609]
> Start 텍스트 편집기 프레임워크 [org.eclipse.ui.workbench.texteditor 3.17.0.v20230316-1200]
> Start GEF Classic Draw2d [org.eclipse.draw2d 3.13.0.202306071707]
> Start GEF Classic GEF (MVC) [org.eclipse.gef 3.14.0.202306071707]
> Start DBeaver ERD UI [org.jkiss.dbeaver.erd.ui 3.0.73.202309041200]
> Start DBeaver ERD Model [org.jkiss.dbeaver.erd.model 1.0.73.202309041200]
Warning: NLS unused message: actions_navigator__objects in: org.jkiss.dbeaver.ui.editors.sql.internal.SQLEditorMessages
> Start DBeaver UI Editors - SQL [org.jkiss.dbeaver.ui.editors.sql 1.0.113.202309041200]
> Start DBeaver UI Editors - Data [org.jkiss.dbeaver.ui.editors.data 1.0.113.202309041200]
> Start 인터넷 연결 관리 사용자 인터페이스 [org.eclipse.ui.net 1.5.0.v20230317-0901]
> Start Internet Connection Management [org.eclipse.core.net 1.5.0.v20230317-0901]
> Start DBeaver Sample Database [org.jkiss.dbeaver.ext.sample.database 1.0.150.202309041200]
> Start DBeaver Tip of the day [org.jkiss.dbeaver.ext.ui.tipoftheday 1.0.119.202309041200]
2023-09-19 09:32:01.088 - Open [https://dbeaver.io/product/version.xml]
2023-09-19 10:01:13.186 - System suspend detected! Reinitialize all remote connections.
> Start DBeaver UI Editors - Connections [org.jkiss.dbeaver.ui.editors.connection 1.0.104.202309041200]
> Start DBeaver Oracle UI [org.jkiss.dbeaver.ext.oracle.ui 1.0.100.202309041200]
> Start DBeaver Oracle Model [org.jkiss.dbeaver.ext.oracle 2.1.198.202309041200]
> Start DBeaver JDBC Model [org.jkiss.dbeaver.model.jdbc 1.0.6.202309041200]
2023-09-19 12:12:56.342 - Auth model 'native' was replaced by 'oracle_native'
2023-09-19 12:12:56.365 - Service 'org.jkiss.dbeaver.runtime.ui.UIServiceSecurity' not found
2023-09-19 12:13:14.958 - Connect with 'jdbc:oracle:thin:@//localhost:1521/XE' (oracle_thin-18aab6d80b1-2e75b357fe6ef90c)
2023-09-19 12:13:14.989 - Execution context opened (jdbc:oracle:thin:@//localhost:1521/XE; Main; 0)
2023-09-19 12:13:15.406 - Connected (oracle_thin-18aab6d80b1-2e75b357fe6ef90c, Oracle JDBC driver [11.2.0.2.0])
2023-09-19 12:13:15.461 - Execution context closed (jdbc:oracle:thin:@//localhost:1521/XE, 0)
2023-09-19 12:13:15.461 - Disconnected (oracle_thin-18aab6d80b1-2e75b357fe6ef90c)
2023-09-19 12:13:40.691 - Connect with 'jdbc:oracle:thin:@//localhost:1521/XE' (oracle_thin-18aab6de53b-72d4dd7887fdabef)
2023-09-19 12:13:40.692 - Execution context opened (jdbc:oracle:thin:@//localhost:1521/XE; Main; 1)
2023-09-19 12:13:40.730 - Connected (oracle_thin-18aab6de53b-72d4dd7887fdabef, Oracle JDBC driver [11.2.0.2.0])
2023-09-19 12:13:40.782 - Execution context closed (jdbc:oracle:thin:@//localhost:1521/XE, 1)
2023-09-19 12:13:40.782 - Disconnected (oracle_thin-18aab6de53b-72d4dd7887fdabef)
> Start DBeaver SQL Terminal [org.jkiss.dbeaver.ui.editors.sql.terminal 1.0.89.202309041200]
> Start 핵심 비교 지원 [org.eclipse.compare.core 3.8.0.v20230517-1315]
> Start 콘솔 [org.eclipse.ui.console 3.12.0.v20230317-0802]
Warning: NLS unused message: InputStreamMonitor_label in: org.eclipse.debug.internal.core.DebugCoreMessages
Warning: NLS unused message: OutputStreamMonitor_label in: org.eclipse.debug.internal.core.DebugCoreMessages
> Start 디버그 핵심 [org.eclipse.debug.core 3.21.0.v20230508-1538]
> Start Equinox Provisioning Metadata [org.eclipse.equinox.p2.metadata 2.7.0.v20230403-0851]
> Start DBeaver SQL Language Semantic Model [org.jkiss.dbeaver.model.lsm 1.0.8.202309041200]
2023-09-19 12:16:41.532 - No active connection
2023-09-19 12:16:47.446 - No active connection
2023-09-19 12:16:55.368 - Connect with 'localhost' (oracle_thin-18aa6475c28-12eab131a575205)
2023-09-19 12:16:55.369 - Execution context opened (localhost; Main; 2)
2023-09-19 12:16:55.408 - Execution context opened (localhost; Metadata; 3)
2023-09-19 12:16:55.447 - Connected (oracle_thin-18aa6475c28-12eab131a575205, Oracle JDBC driver [11.2.0.2.0])
2023-09-19 12:17:01.570 - No active connection
2023-09-19 12:17:08.691 - No active connection
2023-09-19 12:17:12.808 - No active connection
2023-09-19 12:17:24.272 - Execution context closed (localhost, 2)
2023-09-19 12:17:24.323 - Execution context closed (localhost, 3)
2023-09-19 12:17:24.323 - Disconnected (oracle_thin-18aa6475c28-12eab131a575205)
2023-09-19 12:17:42.994 - Auth model 'native' was replaced by 'oracle_native'
2023-09-19 12:17:43.003 - Service 'org.jkiss.dbeaver.runtime.ui.UIServiceSecurity' not found
2023-09-19 12:17:54.042 - Connect with 'jdbc:oracle:thin:@//localhost:1521/XE' (oracle_thin-18aab71c2de-40c1f85ba8714269)
2023-09-19 12:17:54.042 - Execution context opened (jdbc:oracle:thin:@//localhost:1521/XE; Main; 4)
2023-09-19 12:17:54.080 - Connected (oracle_thin-18aab71c2de-40c1f85ba8714269, Oracle JDBC driver [11.2.0.2.0])
2023-09-19 12:17:54.132 - Execution context closed (jdbc:oracle:thin:@//localhost:1521/XE, 4)
2023-09-19 12:17:54.132 - Disconnected (oracle_thin-18aab71c2de-40c1f85ba8714269)
2023-09-19 12:18:20.916 - No active connection
2023-09-19 12:18:23.603 - No active connection
> Start DBeaver Tasks - Native Tools UI [org.jkiss.dbeaver.tasks.native.ui 1.0.91.202309041200]
> Start DBeaver Tasks - General UI [org.jkiss.dbeaver.tasks.ui 1.0.91.202309041200]
2023-09-19 12:19:08.580 - Connect with 'localhost' (oracle_thin-18aab7197a0-2f8e3052cbbe382e)
2023-09-19 12:19:08.581 - Execution context opened (localhost; Main; 5)
2023-09-19 12:19:08.610 - Execution context opened (localhost; Metadata; 6)
2023-09-19 12:19:08.647 - Connected (oracle_thin-18aab7197a0-2f8e3052cbbe382e, Oracle JDBC driver [11.2.0.2.0])
2023-09-19 12:19:08.657 - Execution context opened (localhost; SQLEditor <Script.sql>; 7)
2023-09-19 12:19:14.208 - SQL Error [911] [22019]: ORA-00911: invalid character

org.jkiss.dbeaver.model.sql.DBSQLException: SQL Error [911] [22019]: ORA-00911: invalid character

	at org.jkiss.dbeaver.model.impl.jdbc.exec.JDBCStatementImpl.executeStatement(JDBCStatementImpl.java:133)
	at org.jkiss.dbeaver.ui.editors.sql.execute.SQLQueryJob.executeStatement(SQLQueryJob.java:582)
	at org.jkiss.dbeaver.ui.editors.sql.execute.SQLQueryJob.lambda$1(SQLQueryJob.java:491)
	at org.jkiss.dbeaver.model.exec.DBExecUtils.tryExecuteRecover(DBExecUtils.java:190)
	at org.jkiss.dbeaver.ui.editors.sql.execute.SQLQueryJob.executeSingleQuery(SQLQueryJob.java:498)
	at org.jkiss.dbeaver.ui.editors.sql.execute.SQLQueryJob.extractData(SQLQueryJob.java:934)
	at org.jkiss.dbeaver.ui.editors.sql.SQLEditor$QueryResultsContainer.readData(SQLEditor.java:3940)
	at org.jkiss.dbeaver.ui.controls.resultset.ResultSetJobDataRead.lambda$0(ResultSetJobDataRead.java:123)
	at org.jkiss.dbeaver.model.exec.DBExecUtils.tryExecuteRecover(DBExecUtils.java:190)
	at org.jkiss.dbeaver.ui.controls.resultset.ResultSetJobDataRead.run(ResultSetJobDataRead.java:121)
	at org.jkiss.dbeaver.ui.controls.resultset.ResultSetViewer$ResultSetDataPumpJob.run(ResultSetViewer.java:5142)
	at org.jkiss.dbeaver.model.runtime.AbstractJob.run(AbstractJob.java:105)
	at org.eclipse.core.internal.jobs.Worker.run(Worker.java:63)
Caused by: java.sql.SQLSyntaxErrorException: ORA-00911: invalid character

	at oracle.jdbc.driver.T4CTTIoer.processError(T4CTTIoer.java:440)
	at oracle.jdbc.driver.T4CTTIoer.processError(T4CTTIoer.java:396)
	at oracle.jdbc.driver.T4C8Oall.processError(T4C8Oall.java:837)
	at oracle.jdbc.driver.T4CTTIfun.receive(T4CTTIfun.java:445)
	at oracle.jdbc.driver.T4CTTIfun.doRPC(T4CTTIfun.java:191)
	at oracle.jdbc.driver.T4C8Oall.doOALL(T4C8Oall.java:523)
	at oracle.jdbc.driver.T4CStatement.doOall8(T4CStatement.java:193)
	at oracle.jdbc.driver.T4CStatement.executeForRows(T4CStatement.java:999)
	at oracle.jdbc.driver.OracleStatement.doExecuteWithTimeout(OracleStatement.java:1315)
	at oracle.jdbc.driver.OracleStatement.executeInternal(OracleStatement.java:1890)
	at oracle.jdbc.driver.OracleStatement.execute(OracleStatement.java:1855)
	at oracle.jdbc.driver.OracleStatementWrapper.execute(OracleStatementWrapper.java:304)
	at org.jkiss.dbeaver.model.impl.jdbc.exec.JDBCStatementImpl.execute(JDBCStatementImpl.java:330)
	at org.jkiss.dbeaver.model.impl.jdbc.exec.JDBCStatementImpl.executeStatement(JDBCStatementImpl.java:131)
	... 12 more
2023-09-19 12:19:24.823 - SQL Error [911] [22019]: ORA-00911: invalid character

org.jkiss.dbeaver.model.sql.DBSQLException: SQL Error [911] [22019]: ORA-00911: invalid character

	at org.jkiss.dbeaver.model.impl.jdbc.exec.JDBCStatementImpl.executeStatement(JDBCStatementImpl.java:133)
	at org.jkiss.dbeaver.ui.editors.sql.execute.SQLQueryJob.executeStatement(SQLQueryJob.java:582)
	at org.jkiss.dbeaver.ui.editors.sql.execute.SQLQueryJob.lambda$1(SQLQueryJob.java:491)
	at org.jkiss.dbeaver.model.exec.DBExecUtils.tryExecuteRecover(DBExecUtils.java:190)
	at org.jkiss.dbeaver.ui.editors.sql.execute.SQLQueryJob.executeSingleQuery(SQLQueryJob.java:498)
	at org.jkiss.dbeaver.ui.editors.sql.execute.SQLQueryJob.extractData(SQLQueryJob.java:934)
	at org.jkiss.dbeaver.ui.editors.sql.SQLEditor$QueryResultsContainer.readData(SQLEditor.java:3940)
	at org.jkiss.dbeaver.ui.controls.resultset.ResultSetJobDataRead.lambda$0(ResultSetJobDataRead.java:123)
	at org.jkiss.dbeaver.model.exec.DBExecUtils.tryExecuteRecover(DBExecUtils.java:190)
	at org.jkiss.dbeaver.ui.controls.resultset.ResultSetJobDataRead.run(ResultSetJobDataRead.java:121)
	at org.jkiss.dbeaver.ui.controls.resultset.ResultSetViewer$ResultSetDataPumpJob.run(ResultSetViewer.java:5142)
	at org.jkiss.dbeaver.model.runtime.AbstractJob.run(AbstractJob.java:105)
	at org.eclipse.core.internal.jobs.Worker.run(Worker.java:63)
Caused by: java.sql.SQLSyntaxErrorException: ORA-00911: invalid character

	at oracle.jdbc.driver.T4CTTIoer.processError(T4CTTIoer.java:440)
	at oracle.jdbc.driver.T4CTTIoer.processError(T4CTTIoer.java:396)
	at oracle.jdbc.driver.T4C8Oall.processError(T4C8Oall.java:837)
	at oracle.jdbc.driver.T4CTTIfun.receive(T4CTTIfun.java:445)
	at oracle.jdbc.driver.T4CTTIfun.doRPC(T4CTTIfun.java:191)
	at oracle.jdbc.driver.T4C8Oall.doOALL(T4C8Oall.java:523)
	at oracle.jdbc.driver.T4CStatement.doOall8(T4CStatement.java:193)
	at oracle.jdbc.driver.T4CStatement.executeForRows(T4CStatement.java:999)
	at oracle.jdbc.driver.OracleStatement.doExecuteWithTimeout(OracleStatement.java:1315)
	at oracle.jdbc.driver.OracleStatement.executeInternal(OracleStatement.java:1890)
	at oracle.jdbc.driver.OracleStatement.execute(OracleStatement.java:1855)
	at oracle.jdbc.driver.OracleStatementWrapper.execute(OracleStatementWrapper.java:304)
	at org.jkiss.dbeaver.model.impl.jdbc.exec.JDBCStatementImpl.execute(JDBCStatementImpl.java:330)
	at org.jkiss.dbeaver.model.impl.jdbc.exec.JDBCStatementImpl.executeStatement(JDBCStatementImpl.java:131)
	... 12 more
2023-09-19 12:37:05.040 - System suspend detected! Reinitialize all remote connections.
2023-09-19 14:47:56.708 - System suspend detected! Reinitialize all remote connections.
